<?xml version="1.0" encoding="UTF-8"?>
<!-- Generated by org.testng.reporters.JUnitXMLReporter -->
<testsuite ignored="0" hostname="LAPTOP-PQ7IP8FG" failures="0" tests="4" name="submit order Test" time="25.537" errors="0" timestamp="2024-08-02T16:53:02 IST">
  <testcase classname="saloni.projectfarmework.submitordertest" name="submitOrder" time="3.459"/>
  <testcase classname="saloni.projectfarmework.submitordertest" name="submitOrder" time="3.279"/>
  <testcase classname="saloni.projectfarmework.submitordertest" name="orderhistorytest" time="0.612"/>
  <testcase classname="saloni.projectfarmework.submitordertest" name="orderhistorytest" time="0.713"/>
</testsuite> <!-- submit order Test -->
