<?xml version="1.0" encoding="UTF-8"?>
<!-- Generated by org.testng.reporters.JUnitXMLReporter -->
<testsuite ignored="0" hostname="LAPTOP-PQ7IP8FG" failures="0" tests="4" name="submit order Test" time="33.828" errors="0" timestamp="2024-08-02T17:45:54 IST">
  <testcase classname="saloni.projectfarmework.submitordertest" name="submitOrder" time="3.903"/>
  <testcase classname="saloni.projectfarmework.submitordertest" name="submitOrder" time="3.041"/>
  <testcase classname="saloni.projectfarmework.submitordertest" name="orderhistorytest" time="0.704"/>
  <testcase classname="saloni.projectfarmework.submitordertest" name="orderhistorytest" time="0.676"/>
</testsuite> <!-- submit order Test -->
