<?xml version="1.0" encoding="UTF-8"?>
<testng-results ignored="0" total="6" passed="6" failed="0" skipped="0">
  <reporter-output>
  </reporter-output>
  <suite started-at="2024-08-02T17:45:20 IST" name="Suite" finished-at="2024-08-02T17:45:54 IST" duration-ms="33828">
    <groups>
      <group name="ErrorHandling">
        <method signature="ErrorValidations.errorlogin()[pri:0, instance:saloni.projectfarmework.ErrorValidations@50313382]" name="errorlogin" class="saloni.projectfarmework.ErrorValidations"/>
      </group> <!-- ErrorHandling -->
      <group name="purchase">
        <method signature="submitordertest.submitOrder(java.util.HashMap)[pri:0, instance:saloni.projectfarmework.submitordertest@33f676f6]" name="submitOrder" class="saloni.projectfarmework.submitordertest"/>
        <method signature="submitordertest.orderhistorytest(java.util.HashMap)[pri:0, instance:saloni.projectfarmework.submitordertest@33f676f6]" name="orderhistorytest" class="saloni.projectfarmework.submitordertest"/>
      </group> <!-- purchase -->
    </groups>
    <test started-at="2024-08-02T17:45:20 IST" name="ErrorValidations" finished-at="2024-08-02T17:45:35 IST" duration-ms="15058">
      <class name="saloni.projectfarmework.ErrorValidations">
        <test-method is-config="true" signature="launchApplication()[pri:0, instance:saloni.projectfarmework.ErrorValidations@50313382]" started-at="2024-08-02T17:45:20 IST" name="launchApplication" finished-at="2024-08-02T17:45:28 IST" duration-ms="7362" status="PASS">
          <reporter-output>
          </reporter-output>
        </test-method> <!-- launchApplication -->
        <test-method signature="errorlogin()[pri:0, instance:saloni.projectfarmework.ErrorValidations@50313382]" started-at="2024-08-02T17:45:28 IST" name="errorlogin" finished-at="2024-08-02T17:45:28 IST" duration-ms="757" status="PASS">
          <reporter-output>
          </reporter-output>
        </test-method> <!-- errorlogin -->
        <test-method is-config="true" signature="teardown()[pri:0, instance:saloni.projectfarmework.ErrorValidations@50313382]" started-at="2024-08-02T17:45:28 IST" name="teardown" finished-at="2024-08-02T17:45:29 IST" duration-ms="150" status="PASS">
          <reporter-output>
          </reporter-output>
        </test-method> <!-- teardown -->
        <test-method is-config="true" signature="launchApplication()[pri:0, instance:saloni.projectfarmework.ErrorValidations@50313382]" started-at="2024-08-02T17:45:29 IST" name="launchApplication" finished-at="2024-08-02T17:45:33 IST" duration-ms="4389" status="PASS">
          <reporter-output>
          </reporter-output>
        </test-method> <!-- launchApplication -->
        <test-method signature="errorproduct()[pri:0, instance:saloni.projectfarmework.ErrorValidations@50313382]" started-at="2024-08-02T17:45:33 IST" name="errorproduct" finished-at="2024-08-02T17:45:35 IST" duration-ms="2211" status="PASS">
          <reporter-output>
          </reporter-output>
        </test-method> <!-- errorproduct -->
        <test-method is-config="true" signature="teardown()[pri:0, instance:saloni.projectfarmework.ErrorValidations@50313382]" started-at="2024-08-02T17:45:35 IST" name="teardown" finished-at="2024-08-02T17:45:35 IST" duration-ms="139" status="PASS">
          <reporter-output>
          </reporter-output>
        </test-method> <!-- teardown -->
      </class> <!-- saloni.projectfarmework.ErrorValidations -->
    </test> <!-- ErrorValidations -->
    <test started-at="2024-08-02T17:45:20 IST" name="submit order Test" finished-at="2024-08-02T17:45:54 IST" duration-ms="33828">
      <class name="saloni.projectfarmework.submitordertest">
        <test-method is-config="true" signature="launchApplication()[pri:0, instance:saloni.projectfarmework.submitordertest@33f676f6]" started-at="2024-08-02T17:45:20 IST" name="launchApplication" finished-at="2024-08-02T17:45:28 IST" duration-ms="7150" status="PASS">
          <reporter-output>
          </reporter-output>
        </test-method> <!-- launchApplication -->
        <test-method signature="submitOrder(java.util.HashMap)[pri:0, instance:saloni.projectfarmework.submitordertest@33f676f6]" started-at="2024-08-02T17:45:28 IST" name="submitOrder" data-provider="getData" finished-at="2024-08-02T17:45:32 IST" duration-ms="3903" status="PASS">
          <params>
            <param index="0">
              <value>
                <![CDATA[{productname=ZARA COAT 3, password=Iamking@000, email=saloni170899@gmail.com}]]>
              </value>
            </param>
          </params>
          <reporter-output>
          </reporter-output>
        </test-method> <!-- submitOrder -->
        <test-method is-config="true" signature="teardown()[pri:0, instance:saloni.projectfarmework.submitordertest@33f676f6]" started-at="2024-08-02T17:45:32 IST" name="teardown" finished-at="2024-08-02T17:45:32 IST" duration-ms="145" status="PASS">
          <reporter-output>
          </reporter-output>
        </test-method> <!-- teardown -->
        <test-method is-config="true" signature="launchApplication()[pri:0, instance:saloni.projectfarmework.submitordertest@33f676f6]" started-at="2024-08-02T17:45:32 IST" name="launchApplication" finished-at="2024-08-02T17:45:35 IST" duration-ms="3458" status="PASS">
          <reporter-output>
          </reporter-output>
        </test-method> <!-- launchApplication -->
        <test-method signature="submitOrder(java.util.HashMap)[pri:0, instance:saloni.projectfarmework.submitordertest@33f676f6]" started-at="2024-08-02T17:45:35 IST" name="submitOrder" data-provider="getData" finished-at="2024-08-02T17:45:38 IST" duration-ms="3041" status="PASS">
          <params>
            <param index="0">
              <value>
                <![CDATA[{productname=ADIDAS ORIGINAL, password=Iamking@000, email=saloni1799@gmail.com}]]>
              </value>
            </param>
          </params>
          <reporter-output>
          </reporter-output>
        </test-method> <!-- submitOrder -->
        <test-method is-config="true" signature="teardown()[pri:0, instance:saloni.projectfarmework.submitordertest@33f676f6]" started-at="2024-08-02T17:45:38 IST" name="teardown" finished-at="2024-08-02T17:45:38 IST" duration-ms="203" status="PASS">
          <reporter-output>
          </reporter-output>
        </test-method> <!-- teardown -->
        <test-method is-config="true" signature="launchApplication()[pri:0, instance:saloni.projectfarmework.submitordertest@33f676f6]" started-at="2024-08-02T17:45:38 IST" name="launchApplication" finished-at="2024-08-02T17:45:43 IST" duration-ms="4479" status="PASS">
          <reporter-output>
          </reporter-output>
        </test-method> <!-- launchApplication -->
        <test-method signature="orderhistorytest(java.util.HashMap)[pri:0, instance:saloni.projectfarmework.submitordertest@33f676f6]" started-at="2024-08-02T17:45:43 IST" name="orderhistorytest" data-provider="getData" finished-at="2024-08-02T17:45:44 IST" depends-on-methods="saloni.projectfarmework.submitordertest.submitOrder" duration-ms="704" status="PASS">
          <params>
            <param index="0">
              <value>
                <![CDATA[{productname=ZARA COAT 3, password=Iamking@000, email=saloni170899@gmail.com}]]>
              </value>
            </param>
          </params>
          <reporter-output>
          </reporter-output>
        </test-method> <!-- orderhistorytest -->
        <test-method is-config="true" signature="teardown()[pri:0, instance:saloni.projectfarmework.submitordertest@33f676f6]" started-at="2024-08-02T17:45:44 IST" name="teardown" finished-at="2024-08-02T17:45:44 IST" duration-ms="64" status="PASS">
          <reporter-output>
          </reporter-output>
        </test-method> <!-- teardown -->
        <test-method is-config="true" signature="launchApplication()[pri:0, instance:saloni.projectfarmework.submitordertest@33f676f6]" started-at="2024-08-02T17:45:44 IST" name="launchApplication" finished-at="2024-08-02T17:45:47 IST" duration-ms="3372" status="PASS">
          <reporter-output>
          </reporter-output>
        </test-method> <!-- launchApplication -->
        <test-method signature="orderhistorytest(java.util.HashMap)[pri:0, instance:saloni.projectfarmework.submitordertest@33f676f6]" started-at="2024-08-02T17:45:47 IST" name="orderhistorytest" data-provider="getData" finished-at="2024-08-02T17:45:48 IST" depends-on-methods="saloni.projectfarmework.submitordertest.submitOrder" duration-ms="676" status="PASS">
          <params>
            <param index="0">
              <value>
                <![CDATA[{productname=ADIDAS ORIGINAL, password=Iamking@000, email=saloni1799@gmail.com}]]>
              </value>
            </param>
          </params>
          <reporter-output>
          </reporter-output>
        </test-method> <!-- orderhistorytest -->
        <test-method is-config="true" signature="teardown()[pri:0, instance:saloni.projectfarmework.submitordertest@33f676f6]" started-at="2024-08-02T17:45:48 IST" name="teardown" finished-at="2024-08-02T17:45:54 IST" duration-ms="6371" status="PASS">
          <reporter-output>
          </reporter-output>
        </test-method> <!-- teardown -->
      </class> <!-- saloni.projectfarmework.submitordertest -->
    </test> <!-- submit order Test -->
  </suite> <!-- Suite -->
</testng-results>
